<?xml version="1.0" encoding="UTF-8"?>
<!-- Generated by org.testng.reporters.JUnitXMLReporter -->
<testsuite ignored="0" hostname="RWAMW036711" failures="0" tests="7" name="Test Folder 1" time="36.366" errors="0" timestamp="2021-10-12T16:16:49 CEST">
  <testcase classname="mystore.HomePage" name="openHomePage" time="0.119"/>
  <testcase classname="mystore.LoginPage" name="login" time="3.467"/>
  <testcase classname="mystore.LoginPage" name="login" time="3.955"/>
  <testcase classname="mystore.ContactPage" name="openContactPage" time="1.444"/>
  <testcase classname="mystore.ContactPage" name="sendValidMessageWithoutFile" time="1.697"/>
  <testcase classname="mystore.Footer" name="subscribeToNewsletterWithInvalidEmail" time="1.605"/>
  <testcase classname="mystore.Footer" name="subscribeToNewsletterWithValidNewEmail" time="1.287"/>
</testsuite> <!-- Test Folder 1 -->
