<?xml version="1.0" encoding="UTF-8"?>
<!-- Generated by org.testng.reporters.JUnitXMLReporter -->
<testsuite ignored="0" hostname="RWAMW036711" failures="0" tests="7" name="Test Folder 1" time="47.591" errors="0" timestamp="2021-10-12T13:11:49 CEST">
  <testcase classname="academy.HomePage" name="openHomePage" time="0.145"/>
  <testcase classname="academy.HomePage" name="subscribeToNewsletterWithInvalidEmail" time="2.641"/>
  <testcase classname="academy.HomePage" name="subscribeToNewsletterWithValidNewEmail" time="3.409"/>
  <testcase classname="academy.LoginPage" name="login" time="4.92"/>
  <testcase classname="academy.LoginPage" name="login" time="3.676"/>
  <testcase classname="academy.ContactPage" name="openContactPage" time="1.606"/>
  <testcase classname="academy.ContactPage" name="sendValidMessageWithoutFile" time="2.973"/>
</testsuite> <!-- Test Folder 1 -->
