<?xml version="1.0" encoding="UTF-8"?>
<testsuite xmlns:xsi="http://www.w3.org/2001/XMLSchema-instance" xsi:noNamespaceSchemaLocation="https://maven.apache.org/surefire/maven-surefire-plugin/xsd/surefire-test-report-3.0.xsd" version="3.0" name="TestSuite" time="36.943" tests="7" errors="0" skipped="0" failures="0">
  <properties>
[...]
</properties>
  <testcase name="openHomePage" classname="mystore.HomePage" time="0.096">
    <system-out><![CDATA[set up tests
I'm starting execution of a test case in a browser: chrome
set up tests
I'm starting execution of a test case in a browser: chrome
set up tests
I'm starting execution of a test case in a browser: chrome
set up tests
I'm starting execution of a test case in a browser: chrome
]]></system-out>
    <system-err><![CDATA[Starting ChromeDriver 94.0.4606.61 (418b78f5838ed0b1c69bb4e51ea0252171854915-refs/branch-heads/4606@{#1204}) on port 2670
Only local connections are allowed.
Please see https://chromedriver.chromium.org/security-considerations for suggestions on keeping ChromeDriver safe.
ChromeDriver was started successfully.
paź 12, 2021 4:16:14 PM org.openqa.selenium.remote.ProtocolHandshake createSession
INFO: Detected dialect: W3C
Starting ChromeDriver 94.0.4606.61 (418b78f5838ed0b1c69bb4e51ea0252171854915-refs/branch-heads/4606@{#1204}) on port 20872
Only local connections are allowed.
Please see https://chromedriver.chromium.org/security-considerations for suggestions on keeping ChromeDriver safe.
ChromeDriver was started successfully.
paź 12, 2021 4:16:19 PM org.openqa.selenium.remote.ProtocolHandshake createSession
INFO: Detected dialect: W3C
Starting ChromeDriver 94.0.4606.61 (418b78f5838ed0b1c69bb4e51ea0252171854915-refs/branch-heads/4606@{#1204}) on port 30611
Only local connections are allowed.
Please see https://chromedriver.chromium.org/security-considerations for suggestions on keeping ChromeDriver safe.
ChromeDriver was started successfully.
paź 12, 2021 4:16:24 PM org.openqa.selenium.remote.ProtocolHandshake createSession
INFO: Detected dialect: W3C
Starting ChromeDriver 94.0.4606.61 (418b78f5838ed0b1c69bb4e51ea0252171854915-refs/branch-heads/4606@{#1204}) on port 24699
Only local connections are allowed.
Please see https://chromedriver.chromium.org/security-considerations for suggestions on keeping ChromeDriver safe.
ChromeDriver was started successfully.
paź 12, 2021 4:16:29 PM org.openqa.selenium.remote.ProtocolHandshake createSession
INFO: Detected dialect: W3C
]]></system-err>
  </testcase>
  <testcase name="login[user1@test.com, password1](1)" classname="mystore.LoginPage" time="3.468"/>
  <testcase name="login[user2@test.com, password2](2)" classname="mystore.LoginPage" time="3.955"/>
  <testcase name="openContactPage" classname="mystore.ContactPage" time="1.443"/>
  <testcase name="sendValidMessageWithoutFile" classname="mystore.ContactPage" time="1.697"/>
  <testcase name="subscribeToNewsletterWithInvalidEmail" classname="mystore.Footer" time="1.605"/>
  <testcase name="subscribeToNewsletterWithValidNewEmail" classname="mystore.Footer" time="1.287"/>
</testsuite>