<?xml version="1.0" encoding="UTF-8"?>
<testng-results ignored="0" total="7" passed="7" failed="0" skipped="0">
  <reporter-output>
  </reporter-output>
  <suite started-at="2021-10-12T16:16:13 CEST" name="Test Suite 1" finished-at="2021-10-12T16:16:49 CEST" duration-ms="36366">
    <groups>
    </groups>
    <test started-at="2021-10-12T16:16:13 CEST" name="Test Folder 1" finished-at="2021-10-12T16:16:49 CEST" duration-ms="36366">
      <class name="mystore.Footer">
        <test-method is-config="true" signature="setUpTests()[pri:0, instance:mystore.Footer@11bd0f3b]" started-at="2021-10-12T16:16:18 CEST" name="setUpTests" finished-at="2021-10-12T16:16:22 CEST" duration-ms="4832" status="PASS">
          <reporter-output>
          </reporter-output>
        </test-method> <!-- setUpTests -->
        <test-method signature="subscribeToNewsletterWithInvalidEmail()[pri:0, instance:mystore.Footer@11bd0f3b]" started-at="2021-10-12T16:16:43 CEST" name="subscribeToNewsletterWithInvalidEmail" finished-at="2021-10-12T16:16:45 CEST" duration-ms="1605" status="PASS">
          <reporter-output>
          </reporter-output>
        </test-method> <!-- subscribeToNewsletterWithInvalidEmail -->
        <test-method signature="subscribeToNewsletterWithValidNewEmail()[pri:0, instance:mystore.Footer@11bd0f3b]" started-at="2021-10-12T16:16:45 CEST" name="subscribeToNewsletterWithValidNewEmail" finished-at="2021-10-12T16:16:46 CEST" duration-ms="1287" status="PASS">
          <reporter-output>
          </reporter-output>
        </test-method> <!-- subscribeToNewsletterWithValidNewEmail -->
        <test-method is-config="true" signature="tearDownTests()[pri:0, instance:mystore.Footer@11bd0f3b]" started-at="2021-10-12T16:16:47 CEST" name="tearDownTests" finished-at="2021-10-12T16:16:47 CEST" duration-ms="682" status="PASS">
          <reporter-output>
          </reporter-output>
        </test-method> <!-- tearDownTests -->
      </class> <!-- mystore.Footer -->
      <class name="mystore.ContactPage">
        <test-method is-config="true" signature="setUpTests()[pri:0, instance:mystore.ContactPage@69e1dd28]" started-at="2021-10-12T16:16:13 CEST" name="setUpTests" finished-at="2021-10-12T16:16:18 CEST" duration-ms="4934" status="PASS">
          <reporter-output>
          </reporter-output>
        </test-method> <!-- setUpTests -->
        <test-method signature="openContactPage()[pri:0, instance:mystore.ContactPage@69e1dd28]" started-at="2021-10-12T16:16:40 CEST" name="openContactPage" finished-at="2021-10-12T16:16:41 CEST" duration-ms="1444" status="PASS">
          <reporter-output>
          </reporter-output>
        </test-method> <!-- openContactPage -->
        <test-method signature="sendValidMessageWithoutFile()[pri:0, instance:mystore.ContactPage@69e1dd28]" started-at="2021-10-12T16:16:41 CEST" name="sendValidMessageWithoutFile" finished-at="2021-10-12T16:16:43 CEST" duration-ms="1697" status="PASS">
          <reporter-output>
          </reporter-output>
        </test-method> <!-- sendValidMessageWithoutFile -->
        <test-method is-config="true" signature="tearDownTests()[pri:0, instance:mystore.ContactPage@69e1dd28]" started-at="2021-10-12T16:16:46 CEST" name="tearDownTests" finished-at="2021-10-12T16:16:47 CEST" duration-ms="781" status="PASS">
          <reporter-output>
          </reporter-output>
        </test-method> <!-- tearDownTests -->
      </class> <!-- mystore.ContactPage -->
      <class name="mystore.HomePage">
        <test-method is-config="true" signature="setUpTests()[pri:0, instance:mystore.HomePage@55536d9e]" started-at="2021-10-12T16:16:22 CEST" name="setUpTests" finished-at="2021-10-12T16:16:28 CEST" duration-ms="5150" status="PASS">
          <reporter-output>
          </reporter-output>
        </test-method> <!-- setUpTests -->
        <test-method signature="openHomePage()[pri:0, instance:mystore.HomePage@55536d9e]" started-at="2021-10-12T16:16:32 CEST" name="openHomePage" finished-at="2021-10-12T16:16:33 CEST" duration-ms="119" status="PASS">
          <reporter-output>
          </reporter-output>
        </test-method> <!-- openHomePage -->
        <test-method is-config="true" signature="tearDownTests()[pri:0, instance:mystore.HomePage@55536d9e]" started-at="2021-10-12T16:16:47 CEST" name="tearDownTests" finished-at="2021-10-12T16:16:48 CEST" duration-ms="754" status="PASS">
          <reporter-output>
          </reporter-output>
        </test-method> <!-- tearDownTests -->
      </class> <!-- mystore.HomePage -->
      <class name="mystore.LoginPage">
        <test-method is-config="true" signature="setUpTest()[pri:0, instance:mystore.LoginPage@3738449f]" started-at="2021-10-12T16:16:28 CEST" name="setUpTest" finished-at="2021-10-12T16:16:32 CEST" duration-ms="4893" status="PASS">
          <reporter-output>
          </reporter-output>
        </test-method> <!-- setUpTest -->
        <test-method signature="login(java.lang.String,java.lang.String)[pri:0, instance:mystore.LoginPage@3738449f]" started-at="2021-10-12T16:16:33 CEST" name="login" data-provider="getEmailAndPassword" finished-at="2021-10-12T16:16:36 CEST" duration-ms="3467" status="PASS">
          <params>
            <param index="0">
              <value>
                <![CDATA[user1@test.com]]>
              </value>
            </param>
            <param index="1">
              <value>
                <![CDATA[password1]]>
              </value>
            </param>
          </params>
          <reporter-output>
          </reporter-output>
        </test-method> <!-- login -->
        <test-method signature="login(java.lang.String,java.lang.String)[pri:0, instance:mystore.LoginPage@3738449f]" started-at="2021-10-12T16:16:36 CEST" name="login" data-provider="getEmailAndPassword" finished-at="2021-10-12T16:16:40 CEST" duration-ms="3955" status="PASS">
          <params>
            <param index="0">
              <value>
                <![CDATA[user2@test.com]]>
              </value>
            </param>
            <param index="1">
              <value>
                <![CDATA[password2]]>
              </value>
            </param>
          </params>
          <reporter-output>
          </reporter-output>
        </test-method> <!-- login -->
        <test-method is-config="true" signature="tearDownTest()[pri:0, instance:mystore.LoginPage@3738449f]" started-at="2021-10-12T16:16:48 CEST" name="tearDownTest" finished-at="2021-10-12T16:16:49 CEST" duration-ms="740" status="PASS">
          <reporter-output>
          </reporter-output>
        </test-method> <!-- tearDownTest -->
      </class> <!-- mystore.LoginPage -->
    </test> <!-- Test Folder 1 -->
  </suite> <!-- Test Suite 1 -->
</testng-results>
